<<<<<<< HEAD
﻿  Program.cpp
  GameWorld.cpp
=======
﻿  Wind.cpp
  Program.cpp
  Node.cpp
  Grid.cpp
  GameWorld.cpp
  GameObject.cpp
  Boat.cpp
>>>>>>> origin/master
  Generating Code...
c:\users\maks\source\repos\boaty-mcboatface\boaty-mcboatface\node.cpp(50): warning C4715: 'Node::GetContainedObject': not all control paths return a value
  soil.lib(SOIL.obj) : MSIL .netmodule or module compiled with /GL found; restarting link with /LTCG; add /LTCG to the link command line to improve linker performance
LINK : warning LNK4075: ignoring '/INCREMENTAL' due to '/LTCG' specification
Boat.obj : warning LNK4075: ignoring '/EDITANDCONTINUE' due to '/OPT:LBR' specification
LINK : warning LNK4098: defaultlib 'MSVCRT' conflicts with use of other libs; use /NODEFAULTLIB:library
  Generating code
  Finished generating code
soil.lib(SOIL.obj) : warning LNK4099: PDB 'SOIL.pdb' was not found with 'soil.lib(SOIL.obj)' or at 'C:\Users\Maks\Source\Repos\Boaty-McBoatface\Debug\SOIL.pdb'; linking object as if no debug info
soil.lib(image_helper.obj) : warning LNK4099: PDB 'SOIL.pdb' was not found with 'soil.lib(image_helper.obj)' or at 'C:\Users\Maks\Source\Repos\Boaty-McBoatface\Debug\SOIL.pdb'; linking object as if no debug info
soil.lib(stb_image_aug.obj) : warning LNK4099: PDB 'SOIL.pdb' was not found with 'soil.lib(stb_image_aug.obj)' or at 'C:\Users\Maks\Source\Repos\Boaty-McBoatface\Debug\SOIL.pdb'; linking object as if no debug info
soil.lib(image_DXT.obj) : warning LNK4099: PDB 'SOIL.pdb' was not found with 'soil.lib(image_DXT.obj)' or at 'C:\Users\Maks\Source\Repos\Boaty-McBoatface\Debug\SOIL.pdb'; linking object as if no debug info
  Boaty-McBoatface.vcxproj -> C:\Users\Maks\Source\Repos\Boaty-McBoatface\Debug\Boaty-McBoatface.exe
