d:\projekter\visual studio\boaty-mcboatface\boaty-mcboatface\debug\vc140.pdb
d:\projekter\visual studio\boaty-mcboatface\boaty-mcboatface\debug\vc140.idb
d:\projekter\visual studio\boaty-mcboatface\boaty-mcboatface\debug\gameobject.obj
d:\projekter\visual studio\boaty-mcboatface\boaty-mcboatface\debug\grid.obj
d:\projekter\visual studio\boaty-mcboatface\boaty-mcboatface\debug\node.obj
d:\projekter\visual studio\boaty-mcboatface\boaty-mcboatface\debug\boat.obj
d:\projekter\visual studio\boaty-mcboatface\boaty-mcboatface\debug\gameworld.obj
d:\projekter\visual studio\boaty-mcboatface\boaty-mcboatface\debug\program.obj
d:\projekter\visual studio\boaty-mcboatface\boaty-mcboatface\debug\wind.obj
d:\projekter\visual studio\boaty-mcboatface\boaty-mcboatface\debug\openglclass.obj
d:\projekter\visual studio\boaty-mcboatface\debug\boaty-mcboatface.pdb
d:\projekter\visual studio\boaty-mcboatface\boaty-mcboatface\debug\boaty-mcboatface.tlog\cl.command.1.tlog
d:\projekter\visual studio\boaty-mcboatface\boaty-mcboatface\debug\boaty-mcboatface.tlog\cl.read.1.tlog
d:\projekter\visual studio\boaty-mcboatface\boaty-mcboatface\debug\boaty-mcboatface.tlog\cl.write.1.tlog
d:\projekter\visual studio\boaty-mcboatface\boaty-mcboatface\debug\boaty-mcboatface.tlog\link-cvtres.read.1.tlog
d:\projekter\visual studio\boaty-mcboatface\boaty-mcboatface\debug\boaty-mcboatface.tlog\link-cvtres.write.1.tlog
d:\projekter\visual studio\boaty-mcboatface\boaty-mcboatface\debug\boaty-mcboatface.tlog\link-rc.read.1.tlog
d:\projekter\visual studio\boaty-mcboatface\boaty-mcboatface\debug\boaty-mcboatface.tlog\link-rc.write.1.tlog
d:\projekter\visual studio\boaty-mcboatface\boaty-mcboatface\debug\boaty-mcboatface.tlog\link.command.1.tlog
d:\projekter\visual studio\boaty-mcboatface\boaty-mcboatface\debug\boaty-mcboatface.tlog\link.read.1.tlog
d:\projekter\visual studio\boaty-mcboatface\boaty-mcboatface\debug\boaty-mcboatface.tlog\link.write.1.tlog
